2017-10-08T16:38:23.796Z - normal: Load ~/.CocosCreator/settings.json
2017-10-08T16:38:23.799Z - normal: checking language setting...
2017-10-08T16:38:23.799Z - normal: Language: en
2017-10-08T16:38:25.643Z - success: protocol editor-framework registered
2017-10-08T16:38:25.644Z - success: protocol app registered
2017-10-08T16:38:25.644Z - success: protocol theme registered
2017-10-08T16:38:25.644Z - success: protocol profile registered
2017-10-08T16:38:25.644Z - success: protocol packages registered
2017-10-08T16:38:25.644Z - success: protocol unpack registerred
2017-10-08T16:38:25.644Z - success: protocol disable-commonjs registerred
2017-10-08T16:38:28.166Z - normal: connected!
2017-10-08T16:38:28.182Z - normal: Check project D:\Projekty\Countries
2017-10-08T16:38:28.182Z - normal: Initializing Cocos2d
2017-10-08T16:38:28.435Z - normal: Initializing Asset Database
2017-10-08T16:38:28.482Z - success: protocol uuid registerred
2017-10-08T16:38:28.482Z - success: protocol db registerred
2017-10-08T16:38:28.482Z - success: protocol thumbnail registerred
2017-10-08T16:38:28.482Z - normal: Loading editor/builtin packages
2017-10-08T16:38:28.498Z - success: anysdk loaded
2017-10-08T16:38:28.623Z - success: assets loaded
2017-10-08T16:38:28.623Z - success: builder loaded
2017-10-08T16:38:28.623Z - success: hierarchy loaded
2017-10-08T16:38:28.623Z - success: inspector loaded
2017-10-08T16:38:28.623Z - success: keystore loaded
2017-10-08T16:38:28.623Z - success: node-library loaded
2017-10-08T16:38:28.623Z - success: package-asset loaded
2017-10-08T16:38:28.639Z - success: preferences loaded
2017-10-08T16:38:28.639Z - success: project-exporter loaded
2017-10-08T16:38:28.639Z - success: project-importer loaded
2017-10-08T16:38:28.654Z - success: project-settings loaded
2017-10-08T16:38:28.654Z - success: ui-kit loaded
2017-10-08T16:38:28.654Z - success: ui-grid loaded
2017-10-08T16:38:28.654Z - success: scene loaded
2017-10-08T16:38:28.654Z - success: sprite-editor loaded
2017-10-08T16:38:28.654Z - success: store loaded
2017-10-08T16:38:28.670Z - success: timeline loaded
2017-10-08T16:38:28.670Z - normal: Loading builtin packages
2017-10-08T16:38:28.670Z - success: asset-db-debugger loaded
2017-10-08T16:38:28.670Z - success: color-picker loaded
2017-10-08T16:38:28.670Z - success: console loaded
2017-10-08T16:38:28.670Z - success: package-manager loaded
2017-10-08T16:38:28.670Z - success: sdkbox loaded
2017-10-08T16:38:28.670Z - success: tester loaded
2017-10-08T16:38:28.670Z - success: ui-kit-preview-extra loaded
2017-10-08T16:38:28.686Z - success: ui-kit-preview loaded
2017-10-08T16:38:28.686Z - success: ui-tree loaded
2017-10-08T16:38:29.596Z - normal: Initializing project D:\Projekty\Countries
2017-10-08T16:38:29.611Z - normal: Loading packages
2017-10-08T16:38:29.627Z - normal: Watching packages
2017-10-08T16:38:29.627Z - normal: Run Application
2017-10-08T16:38:30.135Z - success: preview server running at http://localhost:7456
2017-10-08T16:38:33.851Z - normal: 1.6.1
